{"/Users/ctsuser/Downloads/development/juniper/app/modules/queryfrm/queryfrmCtrl.spec.js":{"path":"/Users/ctsuser/Downloads/development/juniper/app/modules/queryfrm/queryfrmCtrl.spec.js","s":{"1":1,"2":0,"3":0,"4":0,"5":0,"6":0,"7":0,"8":0,"9":0,"10":0},"b":{},"f":{"1":0,"2":0,"3":0},"fnMap":{"1":{"name":"(anonymous_1)","line":1,"loc":{"start":{"line":1,"column":89},"end":{"line":1,"column":100}}},"2":{"name":"(anonymous_2)","line":6,"loc":{"start":{"line":6,"column":20},"end":{"line":6,"column":54}}},"3":{"name":"(anonymous_3)","line":11,"loc":{"start":{"line":11,"column":30},"end":{"line":11,"column":41}}}},"statementMap":{"1":{"start":{"line":1,"column":0},"end":{"line":27,"column":3}},"2":{"start":{"line":4,"column":2},"end":{"line":4,"column":38}},"3":{"start":{"line":6,"column":2},"end":{"line":9,"column":6}},"4":{"start":{"line":7,"column":4},"end":{"line":7,"column":26}},"5":{"start":{"line":8,"column":4},"end":{"line":8,"column":30}},"6":{"start":{"line":11,"column":2},"end":{"line":26,"column":5}},"7":{"start":{"line":13,"column":4},"end":{"line":13,"column":108}},"8":{"start":{"line":19,"column":4},"end":{"line":19,"column":104}},"9":{"start":{"line":21,"column":4},"end":{"line":21,"column":25}},"10":{"start":{"line":24,"column":4},"end":{"line":24,"column":47}}},"branchMap":{}}}